<?xml version="1.0" encoding="UTF-8"?>
<testsuite xmlns:xsi="http://www.w3.org/2001/XMLSchema-instance" xsi:noNamespaceSchemaLocation="https://maven.apache.org/surefire/maven-surefire-plugin/xsd/surefire-test-report-3.0.xsd" version="3.0" name="TestSuite" time="37.588" tests="4" errors="0" skipped="0" failures="0">
  <properties>
    <property name="gopherProxySet" value="false"/>
    <property name="awt.toolkit" value="sun.lwawt.macosx.LWCToolkit"/>
    <property name="file.encoding.pkg" value="sun.io"/>
    <property name="java.specification.version" value="1.8"/>
    <property name="sun.cpu.isalist" value=""/>
    <property name="sun.jnu.encoding" value="UTF-8"/>
    <property name="java.class.path" value="/Users/mudassarsyed/Documents/extent/BSReport/target/test-classes:/Users/mudassarsyed/Documents/extent/BSReport/target/classes:/Users/mudassarsyed/.m2/repository/junit/junit/4.11/junit-4.11.jar:/Users/mudassarsyed/.m2/repository/org/hamcrest/hamcrest-core/1.3/hamcrest-core-1.3.jar:/Users/mudassarsyed/.m2/repository/com/aventstack/extentreports/3.1.5/extentreports-3.1.5.jar:/Users/mudassarsyed/.m2/repository/org/freemarker/freemarker/2.3.23/freemarker-2.3.23.jar:/Users/mudassarsyed/.m2/repository/org/mongodb/mongodb-driver/3.3.0/mongodb-driver-3.3.0.jar:/Users/mudassarsyed/.m2/repository/org/mongodb/bson/3.3.0/bson-3.3.0.jar:/Users/mudassarsyed/.m2/repository/org/mongodb/mongodb-driver-core/3.3.0/mongodb-driver-core-3.3.0.jar:/Users/mudassarsyed/.m2/repository/org/apache/httpcomponents/httpmime/4.5.2/httpmime-4.5.2.jar:/Users/mudassarsyed/.m2/repository/org/jsoup/jsoup/1.9.2/jsoup-1.9.2.jar:/Users/mudassarsyed/.m2/repository/com/google/code/gson/gson/2.8.0/gson-2.8.0.jar:/Users/mudassarsyed/.m2/repository/commons-io/commons-io/2.8.0/commons-io-2.8.0.jar:/Users/mudassarsyed/.m2/repository/com/googlecode/json-simple/json-simple/1.1.1/json-simple-1.1.1.jar:/Users/mudassarsyed/.m2/repository/org/apache/httpcomponents/httpcore/4.4.6/httpcore-4.4.6.jar:/Users/mudassarsyed/.m2/repository/org/seleniumhq/selenium/selenium-java/3.141.59/selenium-java-3.141.59.jar:/Users/mudassarsyed/.m2/repository/org/seleniumhq/selenium/selenium-api/3.141.59/selenium-api-3.141.59.jar:/Users/mudassarsyed/.m2/repository/org/seleniumhq/selenium/selenium-chrome-driver/3.141.59/selenium-chrome-driver-3.141.59.jar:/Users/mudassarsyed/.m2/repository/org/seleniumhq/selenium/selenium-edge-driver/3.141.59/selenium-edge-driver-3.141.59.jar:/Users/mudassarsyed/.m2/repository/org/seleniumhq/selenium/selenium-firefox-driver/3.141.59/selenium-firefox-driver-3.141.59.jar:/Users/mudassarsyed/.m2/repository/org/seleniumhq/selenium/selenium-ie-driver/3.141.59/selenium-ie-driver-3.141.59.jar:/Users/mudassarsyed/.m2/repository/org/seleniumhq/selenium/selenium-opera-driver/3.141.59/selenium-opera-driver-3.141.59.jar:/Users/mudassarsyed/.m2/repository/org/seleniumhq/selenium/selenium-remote-driver/3.141.59/selenium-remote-driver-3.141.59.jar:/Users/mudassarsyed/.m2/repository/org/seleniumhq/selenium/selenium-safari-driver/3.141.59/selenium-safari-driver-3.141.59.jar:/Users/mudassarsyed/.m2/repository/org/seleniumhq/selenium/selenium-support/3.141.59/selenium-support-3.141.59.jar:/Users/mudassarsyed/.m2/repository/net/bytebuddy/byte-buddy/1.8.15/byte-buddy-1.8.15.jar:/Users/mudassarsyed/.m2/repository/org/apache/commons/commons-exec/1.3/commons-exec-1.3.jar:/Users/mudassarsyed/.m2/repository/com/google/guava/guava/25.0-jre/guava-25.0-jre.jar:/Users/mudassarsyed/.m2/repository/com/google/code/findbugs/jsr305/1.3.9/jsr305-1.3.9.jar:/Users/mudassarsyed/.m2/repository/org/checkerframework/checker-compat-qual/2.0.0/checker-compat-qual-2.0.0.jar:/Users/mudassarsyed/.m2/repository/com/google/errorprone/error_prone_annotations/2.1.3/error_prone_annotations-2.1.3.jar:/Users/mudassarsyed/.m2/repository/com/google/j2objc/j2objc-annotations/1.1/j2objc-annotations-1.1.jar:/Users/mudassarsyed/.m2/repository/org/codehaus/mojo/animal-sniffer-annotations/1.14/animal-sniffer-annotations-1.14.jar:/Users/mudassarsyed/.m2/repository/com/squareup/okhttp3/okhttp/3.11.0/okhttp-3.11.0.jar:/Users/mudassarsyed/.m2/repository/com/squareup/okio/okio/1.14.0/okio-1.14.0.jar:/Users/mudassarsyed/.m2/repository/org/testng/testng/6.9.10/testng-6.9.10.jar:/Users/mudassarsyed/.m2/repository/com/beust/jcommander/1.48/jcommander-1.48.jar:/Users/mudassarsyed/.m2/repository/org/beanshell/bsh/2.0b4/bsh-2.0b4.jar:/Users/mudassarsyed/.m2/repository/com/browserstack/browserstack-local-java/1.0.6/browserstack-local-java-1.0.6.jar:/Users/mudassarsyed/.m2/repository/org/json/json/20160212/json-20160212.jar:/Users/mudassarsyed/.m2/repository/org/seleniumhq/selenium/selenium-server/4.0.0-alpha-2/selenium-server-4.0.0-alpha-2.jar:/Users/mudassarsyed/.m2/repository/org/seleniumhq/selenium/grid/4.0.0-alpha-2/grid-4.0.0-alpha-2.jar:/Users/mudassarsyed/.m2/repository/org/seleniumhq/selenium/selenium-edgehtml-driver/4.0.0-alpha-2/selenium-edgehtml-driver-4.0.0-alpha-2.jar:/Users/mudassarsyed/.m2/repository/org/seleniumhq/selenium/jetty-repacked/9.4.12.v20180830.1/jetty-repacked-9.4.12.v20180830.1.jar:/Users/mudassarsyed/.m2/repository/javax/servlet/javax.servlet-api/3.1.0/javax.servlet-api-3.1.0.jar:/Users/mudassarsyed/.m2/repository/org/slf4j/slf4j-api/1.7.25/slf4j-api-1.7.25.jar:/Users/mudassarsyed/.m2/repository/org/zeromq/jeromq/0.5.1/jeromq-0.5.1.jar:/Users/mudassarsyed/.m2/repository/eu/neilalexander/jnacl/1.0.0/jnacl-1.0.0.jar:/Users/mudassarsyed/.m2/repository/net/jcip/jcip-annotations/1.0/jcip-annotations-1.0.jar:/Users/mudassarsyed/.m2/repository/org/yaml/snakeyaml/1.24/snakeyaml-1.24.jar:/Users/mudassarsyed/.m2/repository/org/apache/httpcomponents/httpclient/4.5.3/httpclient-4.5.3.jar:/Users/mudassarsyed/.m2/repository/commons-logging/commons-logging/1.2/commons-logging-1.2.jar:/Users/mudassarsyed/.m2/repository/commons-codec/commons-codec/1.9/commons-codec-1.9.jar:/Users/mudassarsyed/.m2/repository/com/browserstack/automate-testassist/1.1.0/automate-testassist-1.1.0.jar:/Users/mudassarsyed/.m2/repository/javax/xml/bind/jaxb-api/2.3.0/jaxb-api-2.3.0.jar:/Users/mudassarsyed/.m2/repository/org/apache/poi/poi/4.1.2/poi-4.1.2.jar:/Users/mudassarsyed/.m2/repository/org/apache/commons/commons-collections4/4.4/commons-collections4-4.4.jar:/Users/mudassarsyed/.m2/repository/org/apache/commons/commons-math3/3.6.1/commons-math3-3.6.1.jar:/Users/mudassarsyed/.m2/repository/com/zaxxer/SparseBitSet/1.2/SparseBitSet-1.2.jar:/Users/mudassarsyed/.m2/repository/org/apache/poi/poi-ooxml/4.1.2/poi-ooxml-4.1.2.jar:/Users/mudassarsyed/.m2/repository/org/apache/poi/poi-ooxml-schemas/4.1.2/poi-ooxml-schemas-4.1.2.jar:/Users/mudassarsyed/.m2/repository/org/apache/xmlbeans/xmlbeans/3.1.0/xmlbeans-3.1.0.jar:/Users/mudassarsyed/.m2/repository/org/apache/commons/commons-compress/1.19/commons-compress-1.19.jar:/Users/mudassarsyed/.m2/repository/com/github/virtuald/curvesapi/1.06/curvesapi-1.06.jar:"/>
    <property name="java.vm.vendor" value="AdoptOpenJDK"/>
    <property name="sun.arch.data.model" value="64"/>
    <property name="java.vendor.url" value="http://java.oracle.com/"/>
    <property name="user.timezone" value="Asia/Kolkata"/>
    <property name="user.country.format" value="IN"/>
    <property name="java.vm.specification.version" value="1.8"/>
    <property name="os.name" value="Mac OS X"/>
    <property name="user.country" value="GB"/>
    <property name="sun.java.launcher" value="SUN_STANDARD"/>
    <property name="sun.boot.library.path" value="/Library/Java/JavaVirtualMachines/adoptopenjdk-8.jdk/Contents/Home/jre/lib"/>
    <property name="sun.java.command" value="/Users/mudassarsyed/Documents/extent/BSReport/target/surefire/surefirebooter4422076837067917562.jar /Users/mudassarsyed/Documents/extent/BSReport/target/surefire 2020-11-27T18-24-15_406-jvmRun1 surefire4077474815480890216tmp surefire_0636274342075209358tmp"/>
    <property name="surefire.test.class.path" value="/Users/mudassarsyed/Documents/extent/BSReport/target/test-classes:/Users/mudassarsyed/Documents/extent/BSReport/target/classes:/Users/mudassarsyed/.m2/repository/junit/junit/4.11/junit-4.11.jar:/Users/mudassarsyed/.m2/repository/org/hamcrest/hamcrest-core/1.3/hamcrest-core-1.3.jar:/Users/mudassarsyed/.m2/repository/com/aventstack/extentreports/3.1.5/extentreports-3.1.5.jar:/Users/mudassarsyed/.m2/repository/org/freemarker/freemarker/2.3.23/freemarker-2.3.23.jar:/Users/mudassarsyed/.m2/repository/org/mongodb/mongodb-driver/3.3.0/mongodb-driver-3.3.0.jar:/Users/mudassarsyed/.m2/repository/org/mongodb/bson/3.3.0/bson-3.3.0.jar:/Users/mudassarsyed/.m2/repository/org/mongodb/mongodb-driver-core/3.3.0/mongodb-driver-core-3.3.0.jar:/Users/mudassarsyed/.m2/repository/org/apache/httpcomponents/httpmime/4.5.2/httpmime-4.5.2.jar:/Users/mudassarsyed/.m2/repository/org/jsoup/jsoup/1.9.2/jsoup-1.9.2.jar:/Users/mudassarsyed/.m2/repository/com/google/code/gson/gson/2.8.0/gson-2.8.0.jar:/Users/mudassarsyed/.m2/repository/commons-io/commons-io/2.8.0/commons-io-2.8.0.jar:/Users/mudassarsyed/.m2/repository/com/googlecode/json-simple/json-simple/1.1.1/json-simple-1.1.1.jar:/Users/mudassarsyed/.m2/repository/org/apache/httpcomponents/httpcore/4.4.6/httpcore-4.4.6.jar:/Users/mudassarsyed/.m2/repository/org/seleniumhq/selenium/selenium-java/3.141.59/selenium-java-3.141.59.jar:/Users/mudassarsyed/.m2/repository/org/seleniumhq/selenium/selenium-api/3.141.59/selenium-api-3.141.59.jar:/Users/mudassarsyed/.m2/repository/org/seleniumhq/selenium/selenium-chrome-driver/3.141.59/selenium-chrome-driver-3.141.59.jar:/Users/mudassarsyed/.m2/repository/org/seleniumhq/selenium/selenium-edge-driver/3.141.59/selenium-edge-driver-3.141.59.jar:/Users/mudassarsyed/.m2/repository/org/seleniumhq/selenium/selenium-firefox-driver/3.141.59/selenium-firefox-driver-3.141.59.jar:/Users/mudassarsyed/.m2/repository/org/seleniumhq/selenium/selenium-ie-driver/3.141.59/selenium-ie-driver-3.141.59.jar:/Users/mudassarsyed/.m2/repository/org/seleniumhq/selenium/selenium-opera-driver/3.141.59/selenium-opera-driver-3.141.59.jar:/Users/mudassarsyed/.m2/repository/org/seleniumhq/selenium/selenium-remote-driver/3.141.59/selenium-remote-driver-3.141.59.jar:/Users/mudassarsyed/.m2/repository/org/seleniumhq/selenium/selenium-safari-driver/3.141.59/selenium-safari-driver-3.141.59.jar:/Users/mudassarsyed/.m2/repository/org/seleniumhq/selenium/selenium-support/3.141.59/selenium-support-3.141.59.jar:/Users/mudassarsyed/.m2/repository/net/bytebuddy/byte-buddy/1.8.15/byte-buddy-1.8.15.jar:/Users/mudassarsyed/.m2/repository/org/apache/commons/commons-exec/1.3/commons-exec-1.3.jar:/Users/mudassarsyed/.m2/repository/com/google/guava/guava/25.0-jre/guava-25.0-jre.jar:/Users/mudassarsyed/.m2/repository/com/google/code/findbugs/jsr305/1.3.9/jsr305-1.3.9.jar:/Users/mudassarsyed/.m2/repository/org/checkerframework/checker-compat-qual/2.0.0/checker-compat-qual-2.0.0.jar:/Users/mudassarsyed/.m2/repository/com/google/errorprone/error_prone_annotations/2.1.3/error_prone_annotations-2.1.3.jar:/Users/mudassarsyed/.m2/repository/com/google/j2objc/j2objc-annotations/1.1/j2objc-annotations-1.1.jar:/Users/mudassarsyed/.m2/repository/org/codehaus/mojo/animal-sniffer-annotations/1.14/animal-sniffer-annotations-1.14.jar:/Users/mudassarsyed/.m2/repository/com/squareup/okhttp3/okhttp/3.11.0/okhttp-3.11.0.jar:/Users/mudassarsyed/.m2/repository/com/squareup/okio/okio/1.14.0/okio-1.14.0.jar:/Users/mudassarsyed/.m2/repository/org/testng/testng/6.9.10/testng-6.9.10.jar:/Users/mudassarsyed/.m2/repository/com/beust/jcommander/1.48/jcommander-1.48.jar:/Users/mudassarsyed/.m2/repository/org/beanshell/bsh/2.0b4/bsh-2.0b4.jar:/Users/mudassarsyed/.m2/repository/com/browserstack/browserstack-local-java/1.0.6/browserstack-local-java-1.0.6.jar:/Users/mudassarsyed/.m2/repository/org/json/json/20160212/json-20160212.jar:/Users/mudassarsyed/.m2/repository/org/seleniumhq/selenium/selenium-server/4.0.0-alpha-2/selenium-server-4.0.0-alpha-2.jar:/Users/mudassarsyed/.m2/repository/org/seleniumhq/selenium/grid/4.0.0-alpha-2/grid-4.0.0-alpha-2.jar:/Users/mudassarsyed/.m2/repository/org/seleniumhq/selenium/selenium-edgehtml-driver/4.0.0-alpha-2/selenium-edgehtml-driver-4.0.0-alpha-2.jar:/Users/mudassarsyed/.m2/repository/org/seleniumhq/selenium/jetty-repacked/9.4.12.v20180830.1/jetty-repacked-9.4.12.v20180830.1.jar:/Users/mudassarsyed/.m2/repository/javax/servlet/javax.servlet-api/3.1.0/javax.servlet-api-3.1.0.jar:/Users/mudassarsyed/.m2/repository/org/slf4j/slf4j-api/1.7.25/slf4j-api-1.7.25.jar:/Users/mudassarsyed/.m2/repository/org/zeromq/jeromq/0.5.1/jeromq-0.5.1.jar:/Users/mudassarsyed/.m2/repository/eu/neilalexander/jnacl/1.0.0/jnacl-1.0.0.jar:/Users/mudassarsyed/.m2/repository/net/jcip/jcip-annotations/1.0/jcip-annotations-1.0.jar:/Users/mudassarsyed/.m2/repository/org/yaml/snakeyaml/1.24/snakeyaml-1.24.jar:/Users/mudassarsyed/.m2/repository/org/apache/httpcomponents/httpclient/4.5.3/httpclient-4.5.3.jar:/Users/mudassarsyed/.m2/repository/commons-logging/commons-logging/1.2/commons-logging-1.2.jar:/Users/mudassarsyed/.m2/repository/commons-codec/commons-codec/1.9/commons-codec-1.9.jar:/Users/mudassarsyed/.m2/repository/com/browserstack/automate-testassist/1.1.0/automate-testassist-1.1.0.jar:/Users/mudassarsyed/.m2/repository/javax/xml/bind/jaxb-api/2.3.0/jaxb-api-2.3.0.jar:/Users/mudassarsyed/.m2/repository/org/apache/poi/poi/4.1.2/poi-4.1.2.jar:/Users/mudassarsyed/.m2/repository/org/apache/commons/commons-collections4/4.4/commons-collections4-4.4.jar:/Users/mudassarsyed/.m2/repository/org/apache/commons/commons-math3/3.6.1/commons-math3-3.6.1.jar:/Users/mudassarsyed/.m2/repository/com/zaxxer/SparseBitSet/1.2/SparseBitSet-1.2.jar:/Users/mudassarsyed/.m2/repository/org/apache/poi/poi-ooxml/4.1.2/poi-ooxml-4.1.2.jar:/Users/mudassarsyed/.m2/repository/org/apache/poi/poi-ooxml-schemas/4.1.2/poi-ooxml-schemas-4.1.2.jar:/Users/mudassarsyed/.m2/repository/org/apache/xmlbeans/xmlbeans/3.1.0/xmlbeans-3.1.0.jar:/Users/mudassarsyed/.m2/repository/org/apache/commons/commons-compress/1.19/commons-compress-1.19.jar:/Users/mudassarsyed/.m2/repository/com/github/virtuald/curvesapi/1.06/curvesapi-1.06.jar:"/>
    <property name="sun.cpu.endian" value="little"/>
    <property name="user.home" value="/Users/mudassarsyed"/>
    <property name="user.language" value="en"/>
    <property name="java.specification.vendor" value="Oracle Corporation"/>
    <property name="java.home" value="/Library/Java/JavaVirtualMachines/adoptopenjdk-8.jdk/Contents/Home/jre"/>
    <property name="basedir" value="/Users/mudassarsyed/Documents/extent/BSReport"/>
    <property name="file.separator" value="/"/>
    <property name="line.separator" value="&#10;"/>
    <property name="java.vm.specification.vendor" value="Oracle Corporation"/>
    <property name="java.specification.name" value="Java Platform API Specification"/>
    <property name="java.awt.graphicsenv" value="sun.awt.CGraphicsEnvironment"/>
    <property name="surefire.real.class.path" value="/Users/mudassarsyed/Documents/extent/BSReport/target/surefire/surefirebooter4422076837067917562.jar"/>
    <property name="sun.boot.class.path" value="/Library/Java/JavaVirtualMachines/adoptopenjdk-8.jdk/Contents/Home/jre/lib/resources.jar:/Library/Java/JavaVirtualMachines/adoptopenjdk-8.jdk/Contents/Home/jre/lib/rt.jar:/Library/Java/JavaVirtualMachines/adoptopenjdk-8.jdk/Contents/Home/jre/lib/sunrsasign.jar:/Library/Java/JavaVirtualMachines/adoptopenjdk-8.jdk/Contents/Home/jre/lib/jsse.jar:/Library/Java/JavaVirtualMachines/adoptopenjdk-8.jdk/Contents/Home/jre/lib/jce.jar:/Library/Java/JavaVirtualMachines/adoptopenjdk-8.jdk/Contents/Home/jre/lib/charsets.jar:/Library/Java/JavaVirtualMachines/adoptopenjdk-8.jdk/Contents/Home/jre/lib/jfr.jar:/Library/Java/JavaVirtualMachines/adoptopenjdk-8.jdk/Contents/Home/jre/classes"/>
    <property name="sun.management.compiler" value="HotSpot 64-Bit Tiered Compilers"/>
    <property name="java.runtime.version" value="1.8.0_222-b10"/>
    <property name="user.name" value="mudassarsyed"/>
    <property name="path.separator" value=":"/>
    <property name="os.version" value="10.15.7"/>
    <property name="java.endorsed.dirs" value="/Library/Java/JavaVirtualMachines/adoptopenjdk-8.jdk/Contents/Home/jre/lib/endorsed"/>
    <property name="java.runtime.name" value="OpenJDK Runtime Environment"/>
    <property name="file.encoding" value="UTF-8"/>
    <property name="java.vm.name" value="OpenJDK 64-Bit Server VM"/>
    <property name="localRepository" value="/Users/mudassarsyed/.m2/repository"/>
    <property name="java.vendor.url.bug" value="http://bugreport.sun.com/bugreport/"/>
    <property name="java.io.tmpdir" value="/var/folders/_j/hphh178x3m3fmrb6prrx63hh0000gn/T/"/>
    <property name="java.version" value="1.8.0_222"/>
    <property name="user.dir" value="/Users/mudassarsyed/Documents/extent/BSReport"/>
    <property name="os.arch" value="x86_64"/>
    <property name="java.vm.specification.name" value="Java Virtual Machine Specification"/>
    <property name="java.awt.printerjob" value="sun.lwawt.macosx.CPrinterJob"/>
    <property name="sun.os.patch.level" value="unknown"/>
    <property name="java.library.path" value="/Users/mudassarsyed/Library/Java/Extensions:/Library/Java/Extensions:/Network/Library/Java/Extensions:/System/Library/Java/Extensions:/usr/lib/java:."/>
    <property name="java.vm.info" value="mixed mode"/>
    <property name="java.vendor" value="AdoptOpenJDK"/>
    <property name="java.vm.version" value="25.222-b10"/>
    <property name="java.ext.dirs" value="/Users/mudassarsyed/Library/Java/Extensions:/Library/Java/JavaVirtualMachines/adoptopenjdk-8.jdk/Contents/Home/jre/lib/ext:/Library/Java/Extensions:/Network/Library/Java/Extensions:/System/Library/Java/Extensions:/usr/lib/java"/>
    <property name="sun.io.unicode.encoding" value="UnicodeBig"/>
    <property name="java.class.version" value="52.0"/>
  </properties>
  <testcase name="launchFirefox" classname="sample.sample.googleSearch" time="25.647">
    <system-out><![CDATA[626debc18f0c4f655814935b7a6eacbcb4853c19
defe6e6a834d471194550639a567c32e6c750c6e
{"automation_session":{"reason":"CLIENT_STOPPED_SESSION","browser_console_logs_url":"https://automate.browserstack.com/s3-upload/bs-selenium-logs-apse/s3.ap-southeast-2/931c975256284ead914595374ef2d3b009d9d863/931c975256284ead914595374ef2d3b009d9d863-console-logs-v2.txt?X-Amz-Algorithm=AWS4-HMAC-SHA256&X-Amz-Credential=AKIA2XUQHUQMNUFLEXQQ%2F20201127%2Fap-southeast-2%2Fs3%2Faws4_request&X-Amz-Date=20201127T125440Z&X-Amz-Expires=604800&X-Amz-SignedHeaders=host&X-Amz-Signature=c5cd3025b5ad436efa99d89d80016081ce258066256d420fc2d3df152d195549","os":"OS X","har_logs_url":"https://automate.browserstack.com/s3-upload/bs-selenium-logs-apse/s3.ap-southeast-2/931c975256284ead914595374ef2d3b009d9d863/931c975256284ead914595374ef2d3b009d9d863-har-logs.txt?X-Amz-Algorithm=AWS4-HMAC-SHA256&X-Amz-Credential=AKIA2XUQHUQMNUFLEXQQ%2F20201127%2Fap-southeast-2%2Fs3%2Faws4_request&X-Amz-Date=20201127T125440Z&X-Amz-Expires=604800&X-Amz-SignedHeaders=host&X-Amz-Signature=28142ab2c59eecf61903520e7971bf30fc9b2a11c1e1abde348bad4d63421698","os_version":"Mojave","created_at":"2020-11-27T12:54:20.000Z","browser_url":"https://automate.browserstack.com/builds/169e1413d02c654e57086c16d1b95e2003a2f069/sessions/931c975256284ead914595374ef2d3b009d9d863","hashed_id":"931c975256284ead914595374ef2d3b009d9d863","project_name":"Automate Project","build_name":"My First Build","duration":18,"public_url":"https://automate.browserstack.com/builds/169e1413d02c654e57086c16d1b95e2003a2f069/sessions/931c975256284ead914595374ef2d3b009d9d863?auth_token=85907f7db7254f8367d46c4091106b70ae92631a295cf82110d06fe4dbe56d5e","video_url":"https://automate.browserstack.com/sessions/931c975256284ead914595374ef2d3b009d9d863/video?token=dzFmWW5ZWGFBRVQwZ2VYN0xwZmF3ZGQrOXNCNlplNmZZcXg2LzhBQjdUTGFuUEtyTThCYlRZNVJVM3BaYk14blFKNEp5VEppYmdyR283R3N1UXQ0WGc9PS0tWGlaOFBVUEttRVhRbDEzZ2NTaitPdz09--e30e06be4d23a638022c6c31140c5b46a6e4f7f8&source=rest_api&diff=2.404818187","browserstack_status":"done","browser":"firefox","test_priority":null,"name":"launchFirefox Test","browser_version":"79.0","appium_logs_url":"https://api.browserstack.com/automate/builds/169e1413d02c654e57086c16d1b95e2003a2f069/sessions/931c975256284ead914595374ef2d3b009d9d863/appiumlogs","device":null,"logs":"https://automate.browserstack.com/builds/169e1413d02c654e57086c16d1b95e2003a2f069/sessions/931c975256284ead914595374ef2d3b009d9d863/logs","selenium_logs_url":"https://automate.browserstack.com/s3-upload/bs-selenium-logs-apse/s3.ap-southeast-2/931c975256284ead914595374ef2d3b009d9d863/931c975256284ead914595374ef2d3b009d9d863-selenium-logs.txt?X-Amz-Algorithm=AWS4-HMAC-SHA256&X-Amz-Credential=AKIA2XUQHUQMNUFLEXQQ%2F20201127%2Fap-southeast-2%2Fs3%2Faws4_request&X-Amz-Date=20201127T125440Z&X-Amz-Expires=604800&X-Amz-SignedHeaders=host&X-Amz-Signature=9baf6cedf7b9b06b3fa7de86ff4262e81dbaa6fae26d3acdf0748c9bdabd32c2","status":"done"}}
{"automation_session":{"reason":"CLIENT_STOPPED_SESSION","browser_console_logs_url":"https://automate.browserstack.com/s3-upload/bs-selenium-logs-apse/s3.ap-southeast-2/626debc18f0c4f655814935b7a6eacbcb4853c19/626debc18f0c4f655814935b7a6eacbcb4853c19-console-logs-v2.txt?X-Amz-Algorithm=AWS4-HMAC-SHA256&X-Amz-Credential=AKIA2XUQHUQMNUFLEXQQ%2F20201127%2Fap-southeast-2%2Fs3%2Faws4_request&X-Amz-Date=20201127T125441Z&X-Amz-Expires=604800&X-Amz-SignedHeaders=host&X-Amz-Signature=e7bf5d2cb34c295c23a3a6bce6a613c9b96741e90d082e9b7983cc0847455f2f","os":"OS X","har_logs_url":"https://automate.browserstack.com/s3-upload/bs-selenium-logs-apse/s3.ap-southeast-2/626debc18f0c4f655814935b7a6eacbcb4853c19/626debc18f0c4f655814935b7a6eacbcb4853c19-har-logs.txt?X-Amz-Algorithm=AWS4-HMAC-SHA256&X-Amz-Credential=AKIA2XUQHUQMNUFLEXQQ%2F20201127%2Fap-southeast-2%2Fs3%2Faws4_request&X-Amz-Date=20201127T125441Z&X-Amz-Expires=604800&X-Amz-SignedHeaders=host&X-Amz-Signature=ed3c456999e0be66ee278ee697c585bc48b02ef1ff1ef518816a1f5db0c4ce18","os_version":"Mojave","created_at":"2020-11-27T12:54:20.000Z","browser_url":"https://automate.browserstack.com/builds/169e1413d02c654e57086c16d1b95e2003a2f069/sessions/626debc18f0c4f655814935b7a6eacbcb4853c19","hashed_id":"626debc18f0c4f655814935b7a6eacbcb4853c19","project_name":"Automate Project","build_name":"My First Build","duration":19,"public_url":"https://automate.browserstack.com/builds/169e1413d02c654e57086c16d1b95e2003a2f069/sessions/626debc18f0c4f655814935b7a6eacbcb4853c19?auth_token=4d606005747e133af47ea11dc46af3a2653106240f03ec8d72bdf91f0d8b512b","video_url":"https://automate.browserstack.com/sessions/626debc18f0c4f655814935b7a6eacbcb4853c19/video?token=Y2IxVmVLcm5YQWxNL3M2UGRVL0tBY2JDYnRVM0k0aktodXpuWkZvd2tscnBXN3BOQjRyMXdyd01EVXJ2NWVDM25ONG5oaTdiZFdJN2wyZnd4UWdFd1E9PS0tYWtwYjFudFBzVHBGV1oyZFVmd1p1QT09--0f4420cd49da5d0f52b6c6c130ed6d1aa952037c&source=rest_api&diff=2.568366765","browserstack_status":"done","browser":"safari","test_priority":null,"name":"launchSafari Test","browser_version":"12.1","appium_logs_url":"https://api.browserstack.com/automate/builds/169e1413d02c654e57086c16d1b95e2003a2f069/sessions/626debc18f0c4f655814935b7a6eacbcb4853c19/appiumlogs","device":null,"logs":"https://automate.browserstack.com/builds/169e1413d02c654e57086c16d1b95e2003a2f069/sessions/626debc18f0c4f655814935b7a6eacbcb4853c19/logs","selenium_logs_url":"https://automate.browserstack.com/s3-upload/bs-selenium-logs-apse/s3.ap-southeast-2/626debc18f0c4f655814935b7a6eacbcb4853c19/626debc18f0c4f655814935b7a6eacbcb4853c19-selenium-logs.txt?X-Amz-Algorithm=AWS4-HMAC-SHA256&X-Amz-Credential=AKIA2XUQHUQMNUFLEXQQ%2F20201127%2Fap-southeast-2%2Fs3%2Faws4_request&X-Amz-Date=20201127T125441Z&X-Amz-Expires=604800&X-Amz-SignedHeaders=host&X-Amz-Signature=3602983dcacfd7ab25c299a4dd62843a3f04031fa73cde29fba68466b2dcfc01","status":"done"}}
]]></system-out>
    <system-err><![CDATA[Nov 27, 2020 6:24:24 PM org.openqa.selenium.remote.ProtocolHandshake createSession
INFO: Detected dialect: W3C
Nov 27, 2020 6:24:25 PM org.openqa.selenium.remote.ProtocolHandshake createSession
INFO: Detected dialect: W3C
Nov 27, 2020 6:24:32 PM org.openqa.selenium.remote.ProtocolHandshake createSession
INFO: Detected dialect: W3C
Nov 27, 2020 6:24:35 PM org.openqa.selenium.remote.ProtocolHandshake createSession
INFO: Detected dialect: OSS
Nov 27, 2020 6:24:39 PM org.apache.http.client.protocol.ResponseProcessCookies processCookies
WARNING: Invalid cookie header: "Set-Cookie: tracking_id=3689a30d-9901-489a-926b-0531a2ac9258; domain=.browserstack.com; path=/; expires=Thu, 27 Nov 2025 12:54:38 -0000". Invalid 'expires' attribute: Thu, 27 Nov 2025 12:54:38 -0000
Nov 27, 2020 6:24:40 PM org.apache.http.client.protocol.ResponseProcessCookies processCookies
WARNING: Invalid cookie header: "Set-Cookie: tracking_id=1b82feeb-8f2f-4d1c-8995-7901f3d6053d; domain=.browserstack.com; path=/; expires=Thu, 27 Nov 2025 12:54:40 -0000". Invalid 'expires' attribute: Thu, 27 Nov 2025 12:54:40 -0000
Nov 27, 2020 6:24:40 PM org.apache.http.client.protocol.ResponseProcessCookies processCookies
WARNING: Invalid cookie header: "Set-Cookie: tracking_id=e5ff2e61-abb5-4c54-ae9f-707048043c27; domain=.browserstack.com; path=/; expires=Thu, 27 Nov 2025 12:54:40 -0000". Invalid 'expires' attribute: Thu, 27 Nov 2025 12:54:40 -0000
Nov 27, 2020 6:24:41 PM org.apache.http.client.protocol.ResponseProcessCookies processCookies
WARNING: Invalid cookie header: "Set-Cookie: tracking_id=ffa4bd82-49e4-417a-9ad4-a53e8a9ccd0a; domain=.browserstack.com; path=/; expires=Thu, 27 Nov 2025 12:54:41 -0000". Invalid 'expires' attribute: Thu, 27 Nov 2025 12:54:41 -0000
]]></system-err>
  </testcase>
  <testcase name="launchSafari" classname="sample.sample.googleSearch" time="26.683"/>
  <testcase name="launchEdge" classname="sample.sample.googleSearch" time="31.729">
    <system-out><![CDATA[{"automation_session":{"reason":"CLIENT_STOPPED_SESSION","browser_console_logs_url":"https://automate.browserstack.com/s3-upload/bs-selenium-logs-apse/s3.ap-southeast-2/defe6e6a834d471194550639a567c32e6c750c6e/defe6e6a834d471194550639a567c32e6c750c6e-console-logs-v2.txt?X-Amz-Algorithm=AWS4-HMAC-SHA256&X-Amz-Credential=AKIA2XUQHUQMNUFLEXQQ%2F20201127%2Fap-southeast-2%2Fs3%2Faws4_request&X-Amz-Date=20201127T125446Z&X-Amz-Expires=604800&X-Amz-SignedHeaders=host&X-Amz-Signature=0f143367a97054a1fc82049a3782064eeea5500ebf9b1b1fe0a07b4083c2c0a6","os":"Windows","har_logs_url":"https://automate.browserstack.com/s3-upload/bs-selenium-logs-apse/s3.ap-southeast-2/defe6e6a834d471194550639a567c32e6c750c6e/defe6e6a834d471194550639a567c32e6c750c6e-har-logs.txt?X-Amz-Algorithm=AWS4-HMAC-SHA256&X-Amz-Credential=AKIA2XUQHUQMNUFLEXQQ%2F20201127%2Fap-southeast-2%2Fs3%2Faws4_request&X-Amz-Date=20201127T125446Z&X-Amz-Expires=604800&X-Amz-SignedHeaders=host&X-Amz-Signature=abccbdd38176d902802059e091b0df742cde55f19eb065b74d93775a4d0b691b","os_version":"10","created_at":"2020-11-27T12:54:20.000Z","browser_url":"https://automate.browserstack.com/builds/169e1413d02c654e57086c16d1b95e2003a2f069/sessions/defe6e6a834d471194550639a567c32e6c750c6e","hashed_id":"defe6e6a834d471194550639a567c32e6c750c6e","project_name":"Automate Project","build_name":"My First Build","duration":24,"public_url":"https://automate.browserstack.com/builds/169e1413d02c654e57086c16d1b95e2003a2f069/sessions/defe6e6a834d471194550639a567c32e6c750c6e?auth_token=50dcf1a67f0c376e07bf30b217fcc2b8ae80806da395943b267a730249350e35","video_url":"https://automate.browserstack.com/sessions/defe6e6a834d471194550639a567c32e6c750c6e/video?token=WGFyMlBEVWJGSEhMMVZxOWxyNytBVEYycjdzUEVVU3F4Wk8wNGczYS9vc0lLWkl2MGFBT2MyN3g0ZDR2Y1VEYTRSQVcyTDhaWEFESHZjc3d2WDlSQmc9PS0teURMd1Y5ZytLQWQzaFVvcjhmeW5Udz09--e27e18ffe61f2e3e3f41f1d6ba8e85fe4874921a&source=rest_api&diff=2.585330103","browserstack_status":"done","browser":"edge","test_priority":null,"name":"launchEdge Test","browser_version":"85.0","appium_logs_url":"https://api.browserstack.com/automate/builds/169e1413d02c654e57086c16d1b95e2003a2f069/sessions/defe6e6a834d471194550639a567c32e6c750c6e/appiumlogs","device":null,"logs":"https://automate.browserstack.com/builds/169e1413d02c654e57086c16d1b95e2003a2f069/sessions/defe6e6a834d471194550639a567c32e6c750c6e/logs","selenium_logs_url":"https://automate.browserstack.com/s3-upload/bs-selenium-logs-apse/s3.ap-southeast-2/defe6e6a834d471194550639a567c32e6c750c6e/defe6e6a834d471194550639a567c32e6c750c6e-selenium-logs.txt?X-Amz-Algorithm=AWS4-HMAC-SHA256&X-Amz-Credential=AKIA2XUQHUQMNUFLEXQQ%2F20201127%2Fap-southeast-2%2Fs3%2Faws4_request&X-Amz-Date=20201127T125446Z&X-Amz-Expires=604800&X-Amz-SignedHeaders=host&X-Amz-Signature=6e6ee6e48af78e489f19d679849b358d603252aa75b4fe3a074bdc46d3d4d95b","status":"done"}}
]]></system-out>
    <system-err><![CDATA[Nov 27, 2020 6:24:45 PM org.apache.http.client.protocol.ResponseProcessCookies processCookies
WARNING: Invalid cookie header: "Set-Cookie: tracking_id=d0b9d08a-7292-4025-b55a-4e5eaf3791fc; domain=.browserstack.com; path=/; expires=Thu, 27 Nov 2025 12:54:44 -0000". Invalid 'expires' attribute: Thu, 27 Nov 2025 12:54:44 -0000
Nov 27, 2020 6:24:46 PM org.apache.http.client.protocol.ResponseProcessCookies processCookies
WARNING: Invalid cookie header: "Set-Cookie: tracking_id=2b32010e-82cd-4213-88b4-3dc0d65dfabc; domain=.browserstack.com; path=/; expires=Thu, 27 Nov 2025 12:54:46 -0000". Invalid 'expires' attribute: Thu, 27 Nov 2025 12:54:46 -0000
]]></system-err>
  </testcase>
  <testcase name="launchChrome" classname="sample.sample.googleSearch" time="36.612">
    <system-out><![CDATA[{"automation_session":{"reason":"CLIENT_STOPPED_SESSION","browser_console_logs_url":"https://automate.browserstack.com/s3-upload/bs-selenium-logs-apse/s3.ap-southeast-2/60c6ad588df695baa2cfb8d7becf95efcb72e80b/60c6ad588df695baa2cfb8d7becf95efcb72e80b-console-logs-v2.txt?X-Amz-Algorithm=AWS4-HMAC-SHA256&X-Amz-Credential=AKIA2XUQHUQMNUFLEXQQ%2F20201127%2Fap-southeast-2%2Fs3%2Faws4_request&X-Amz-Date=20201127T125449Z&X-Amz-Expires=604800&X-Amz-SignedHeaders=host&X-Amz-Signature=1286ff97fc08abecaa1c2a98f8604c6c9c034c645cf82fbab6cc7f8293deafcf","os":"Windows","har_logs_url":"https://automate.browserstack.com/s3-upload/bs-selenium-logs-apse/s3.ap-southeast-2/60c6ad588df695baa2cfb8d7becf95efcb72e80b/60c6ad588df695baa2cfb8d7becf95efcb72e80b-har-logs.txt?X-Amz-Algorithm=AWS4-HMAC-SHA256&X-Amz-Credential=AKIA2XUQHUQMNUFLEXQQ%2F20201127%2Fap-southeast-2%2Fs3%2Faws4_request&X-Amz-Date=20201127T125449Z&X-Amz-Expires=604800&X-Amz-SignedHeaders=host&X-Amz-Signature=0a98a7865d4b1a0ee00175dd57dd6cb297b5493a4ab0429ac0ea7e6da8eddaa9","os_version":"10","created_at":"2020-11-27T12:54:20.000Z","browser_url":"https://automate.browserstack.com/builds/361bba249e85a00c814e550ab1f5af2c8169af56/sessions/60c6ad588df695baa2cfb8d7becf95efcb72e80b","hashed_id":"60c6ad588df695baa2cfb8d7becf95efcb72e80b","project_name":"Automate Project","build_name":"Build1","duration":29,"public_url":"https://automate.browserstack.com/builds/361bba249e85a00c814e550ab1f5af2c8169af56/sessions/60c6ad588df695baa2cfb8d7becf95efcb72e80b?auth_token=dbfd4ca06b6aecae08898f1347ef0b2c8e70e421624f34167ae981a31a7459c3","video_url":"https://automate.browserstack.com/sessions/60c6ad588df695baa2cfb8d7becf95efcb72e80b/video?token=QVNpbDB6bWVIYlVPQlpseFRZMERGcDhGdDdTS2FrSVBYOHpxQ3VQejZSSWJOaEFoVHlOYytFZk1IRHZWQjlEeTl2RUh1UG9RbXVXMGtLcHEzNXk1blE9PS0tT08rR21XcHJza1RUUk5jZE0yeEY2UT09--ef4b1b666cfa9f0b33f09cea7c5ca89fc1f4e1ea&source=rest_api&diff=0.413861826","browserstack_status":"done","browser":"chrome","test_priority":null,"name":"launchChrome Test","browser_version":"87.0 beta","appium_logs_url":"https://api.browserstack.com/automate/builds/361bba249e85a00c814e550ab1f5af2c8169af56/sessions/60c6ad588df695baa2cfb8d7becf95efcb72e80b/appiumlogs","device":null,"logs":"https://automate.browserstack.com/builds/361bba249e85a00c814e550ab1f5af2c8169af56/sessions/60c6ad588df695baa2cfb8d7becf95efcb72e80b/logs","selenium_logs_url":"https://automate.browserstack.com/s3-upload/bs-selenium-logs-apse/s3.ap-southeast-2/60c6ad588df695baa2cfb8d7becf95efcb72e80b/60c6ad588df695baa2cfb8d7becf95efcb72e80b-selenium-logs.txt?X-Amz-Algorithm=AWS4-HMAC-SHA256&X-Amz-Credential=AKIA2XUQHUQMNUFLEXQQ%2F20201127%2Fap-southeast-2%2Fs3%2Faws4_request&X-Amz-Date=20201127T125449Z&X-Amz-Expires=604800&X-Amz-SignedHeaders=host&X-Amz-Signature=bf73fc09dba4944b6b05ece1d3290713dc3a3662c79bb156f657b4c9c57cc18e","status":"done"}}
]]></system-out>
    <system-err><![CDATA[Nov 27, 2020 6:24:49 PM org.apache.http.client.protocol.ResponseProcessCookies processCookies
WARNING: Invalid cookie header: "Set-Cookie: tracking_id=1a24fbd6-0ddb-4d5e-a83f-2afed536826b; domain=.browserstack.com; path=/; expires=Thu, 27 Nov 2025 12:54:49 -0000". Invalid 'expires' attribute: Thu, 27 Nov 2025 12:54:49 -0000
Nov 27, 2020 6:24:51 PM org.apache.http.client.protocol.ResponseProcessCookies processCookies
WARNING: Invalid cookie header: "Set-Cookie: tracking_id=98103ba4-d3e3-4ce5-9a90-a77ab797bfa1; domain=.browserstack.com; path=/; expires=Thu, 27 Nov 2025 12:54:51 -0000". Invalid 'expires' attribute: Thu, 27 Nov 2025 12:54:51 -0000
]]></system-err>
  </testcase>
</testsuite>